2013/02/12 15:17:54 にビルドを開始しました。
     1>ノード 2 上のプロジェクト "C:\Users\Tanaka\Documents\Visual Studio 2010\Projects\Origin\Origin_20130131\Origin_20130131.vcxproj" (build ターゲット)。
     1>InitializeBuildStatus:
         "AlwaysCreate" が指定されたため "Debug\Origin_20130131.unsuccessfulbuild" を作成しています。
       ClCompile:
         c:\Program Files\Microsoft Visual Studio 10.0\VC\bin\CL.exe /c /ZI /nologo /W3 /WX- /Od /Oy- /D WIN32 /D _DEBUG /D _WINDOWS /D _UNICODE /D UNICODE /Gm /EHsc /RTC1 /MDd /GS /fp:precise /Zc:wchar_t /Zc:forScope /Fo"Debug\\" /Fd"Debug\vc100.pdb" /Gd /TP /analyze- /errorReport:prompt AnimeData.cpp AutoPan.cpp AutoPanButton.cpp BandEliminateFilter.cpp BandPassFilter.cpp BitmapBase.cpp Book1.cpp Book2.cpp Book3.cpp Book4.cpp Book5.cpp Book6.cpp Book7.cpp BookCover.cpp Chorus.cpp Compressor.cpp DCBitmap.cpp Debug1.cpp Debug2.cpp DebugLoading.cpp Delay.cpp Dial.cpp Distortion1.cpp Distortion2.cpp Distortion3.cpp EffectBase.cpp Equalizer.cpp FaderH.cpp FaderV.cpp HandManager.cpp HighPassFilter.cpp ImageFactory.cpp KeyButton.cpp LayerData.cpp Lever.cpp LowPassFilter.cpp main.cpp MainParent.cpp NoiseGate.cpp Note.cpp NoteManager.cpp PartsBase.cpp PixelBitmap.cpp PlayButton.cpp Room1.cpp Room2.cpp Room3.cpp Room4.cpp RoomParent.cpp SceneManager.cpp Sign.cpp SoundManager.cpp Synthesizer.cpp TimeLamp.cpp ToneFactory.cpp Track.cpp TrackButton.cpp TrashCan.cpp Tremolo.cpp Vibrato.cpp ViewObj.cpp Wave.cpp
         Wave.cpp
         ViewObj.cpp
         Vibrato.cpp
         Tremolo.cpp
         TrashCan.cpp
         TrackButton.cpp
         Track.cpp
         ToneFactory.cpp
         TimeLamp.cpp
         Synthesizer.cpp
         SoundManager.cpp
         Sign.cpp
         SceneManager.cpp
         RoomParent.cpp
         Room4.cpp
         Room3.cpp
         Room2.cpp
         Room1.cpp
         PlayButton.cpp
         PixelBitmap.cpp
         コードを生成中...
         コンパイル中...
         PartsBase.cpp
         NoteManager.cpp
         Note.cpp
         NoiseGate.cpp
         MainParent.cpp
         main.cpp
         LowPassFilter.cpp
         Lever.cpp
         LayerData.cpp
         KeyButton.cpp
         ImageFactory.cpp
         HighPassFilter.cpp
         HandManager.cpp
         FaderV.cpp
         FaderH.cpp
         Equalizer.cpp
         EffectBase.cpp
         Distortion3.cpp
         Distortion2.cpp
         Distortion1.cpp
         コードを生成中...
         コンパイル中...
         Dial.cpp
         Delay.cpp
         DebugLoading.cpp
         Debug2.cpp
         Debug1.cpp
         DCBitmap.cpp
         Compressor.cpp
         Chorus.cpp
         BookCover.cpp
         Book7.cpp
         Book6.cpp
         Book5.cpp
         Book4.cpp
         Book3.cpp
         Book2.cpp
         Book1.cpp
     1>c:\users\tanaka\documents\visual studio 2010\projects\origin\origin_20130131\book1.cpp(240): warning C4101: 'setState' : ローカル変数は 1 度も使われていません。
         BitmapBase.cpp
         BandPassFilter.cpp
         BandEliminateFilter.cpp
         AutoPanButton.cpp
         コードを生成中...
         コンパイル中...
         AutoPan.cpp
         AnimeData.cpp
         コードを生成中...
       ManifestResourceCompile:
         C:\Program Files\Microsoft SDKs\Windows\v7.0A\bin\rc.exe /nologo /fo"Debug\Origin_20130131.exe.embed.manifest.res" Debug\Origin_20130131_manifest.rc 
       Link:
         c:\Program Files\Microsoft Visual Studio 10.0\VC\bin\link.exe /ERRORREPORT:PROMPT /OUT:"C:\Users\Tanaka\Documents\Visual Studio 2010\Projects\Origin\Debug\Origin_20130131.exe" /INCREMENTAL /NOLOGO kernel32.lib user32.lib gdi32.lib winspool.lib comdlg32.lib advapi32.lib shell32.lib ole32.lib oleaut32.lib uuid.lib odbc32.lib odbccp32.lib /MANIFEST /ManifestFile:"Debug\Origin_20130131.exe.intermediate.manifest" /MANIFESTUAC:"level='asInvoker' uiAccess='false'" /DEBUG /PDB:"C:\Users\Tanaka\Documents\Visual Studio 2010\Projects\Origin\Debug\Origin_20130131.pdb" /SUBSYSTEM:WINDOWS /TLBID:1 /DYNAMICBASE /NXCOMPAT /IMPLIB:"C:\Users\Tanaka\Documents\Visual Studio 2010\Projects\Origin\Debug\Origin_20130131.lib" /MACHINE:X86 Debug\Origin_20130131.exe.embed.manifest.res
         Debug\AnimeData.obj
         Debug\AutoPan.obj
         Debug\AutoPanButton.obj
         Debug\BandEliminateFilter.obj
         Debug\BandPassFilter.obj
         Debug\BitmapBase.obj
         Debug\Book1.obj
         Debug\Book2.obj
         Debug\Book3.obj
         Debug\Book4.obj
         Debug\Book5.obj
         Debug\Book6.obj
         Debug\Book7.obj
         Debug\BookCover.obj
         Debug\Chorus.obj
         Debug\Compressor.obj
         Debug\DCBitmap.obj
         Debug\Debug1.obj
         Debug\Debug2.obj
         Debug\DebugLoading.obj
         Debug\Delay.obj
         Debug\Dial.obj
         Debug\Distortion1.obj
         Debug\Distortion2.obj
         Debug\Distortion3.obj
         Debug\EffectBase.obj
         Debug\Equalizer.obj
         Debug\FaderH.obj
         Debug\FaderV.obj
         Debug\HandManager.obj
         Debug\HighPassFilter.obj
         Debug\ImageFactory.obj
         Debug\KeyButton.obj
         Debug\LayerData.obj
         Debug\Lever.obj
         Debug\LowPassFilter.obj
         Debug\main.obj
         Debug\MainParent.obj
         Debug\NoiseGate.obj
         Debug\Note.obj
         Debug\NoteManager.obj
         Debug\PartsBase.obj
         Debug\PixelBitmap.obj
         Debug\PlayButton.obj
         Debug\Room1.obj
         Debug\Room2.obj
         Debug\Room3.obj
         Debug\Room4.obj
         Debug\RoomParent.obj
         Debug\SceneManager.obj
         Debug\Sign.obj
         Debug\SoundManager.obj
         Debug\Synthesizer.obj
         Debug\TimeLamp.obj
         Debug\ToneFactory.obj
         Debug\Track.obj
         Debug\TrackButton.obj
         Debug\TrashCan.obj
         Debug\Tremolo.obj
         Debug\Vibrato.obj
         Debug\ViewObj.obj
         Debug\Wave.obj
       Manifest:
         C:\Program Files\Microsoft SDKs\Windows\v7.0A\bin\mt.exe /nologo /verbose /out:"Debug\Origin_20130131.exe.embed.manifest" /manifest Debug\Origin_20130131.exe.intermediate.manifest
         C:\Program Files\Microsoft SDKs\Windows\v7.0A\bin\rc.exe /nologo /fo"Debug\Origin_20130131.exe.embed.manifest.res" Debug\Origin_20130131_manifest.rc 
       LinkEmbedManifest:
         c:\Program Files\Microsoft Visual Studio 10.0\VC\bin\link.exe /ERRORREPORT:PROMPT /OUT:"C:\Users\Tanaka\Documents\Visual Studio 2010\Projects\Origin\Debug\Origin_20130131.exe" /INCREMENTAL /NOLOGO kernel32.lib user32.lib gdi32.lib winspool.lib comdlg32.lib advapi32.lib shell32.lib ole32.lib oleaut32.lib uuid.lib odbc32.lib odbccp32.lib /MANIFEST /ManifestFile:"Debug\Origin_20130131.exe.intermediate.manifest" /MANIFESTUAC:"level='asInvoker' uiAccess='false'" /DEBUG /PDB:"C:\Users\Tanaka\Documents\Visual Studio 2010\Projects\Origin\Debug\Origin_20130131.pdb" /SUBSYSTEM:WINDOWS /TLBID:1 /DYNAMICBASE /NXCOMPAT /IMPLIB:"C:\Users\Tanaka\Documents\Visual Studio 2010\Projects\Origin\Debug\Origin_20130131.lib" /MACHINE:X86 Debug\Origin_20130131.exe.embed.manifest.res
         Debug\AnimeData.obj
         Debug\AutoPan.obj
         Debug\AutoPanButton.obj
         Debug\BandEliminateFilter.obj
         Debug\BandPassFilter.obj
         Debug\BitmapBase.obj
         Debug\Book1.obj
         Debug\Book2.obj
         Debug\Book3.obj
         Debug\Book4.obj
         Debug\Book5.obj
         Debug\Book6.obj
         Debug\Book7.obj
         Debug\BookCover.obj
         Debug\Chorus.obj
         Debug\Compressor.obj
         Debug\DCBitmap.obj
         Debug\Debug1.obj
         Debug\Debug2.obj
         Debug\DebugLoading.obj
         Debug\Delay.obj
         Debug\Dial.obj
         Debug\Distortion1.obj
         Debug\Distortion2.obj
         Debug\Distortion3.obj
         Debug\EffectBase.obj
         Debug\Equalizer.obj
         Debug\FaderH.obj
         Debug\FaderV.obj
         Debug\HandManager.obj
         Debug\HighPassFilter.obj
         Debug\ImageFactory.obj
         Debug\KeyButton.obj
         Debug\LayerData.obj
         Debug\Lever.obj
         Debug\LowPassFilter.obj
         Debug\main.obj
         Debug\MainParent.obj
         Debug\NoiseGate.obj
         Debug\Note.obj
         Debug\NoteManager.obj
         Debug\PartsBase.obj
         Debug\PixelBitmap.obj
         Debug\PlayButton.obj
         Debug\Room1.obj
         Debug\Room2.obj
         Debug\Room3.obj
         Debug\Room4.obj
         Debug\RoomParent.obj
         Debug\SceneManager.obj
         Debug\Sign.obj
         Debug\SoundManager.obj
         Debug\Synthesizer.obj
         Debug\TimeLamp.obj
         Debug\ToneFactory.obj
         Debug\Track.obj
         Debug\TrackButton.obj
         Debug\TrashCan.obj
         Debug\Tremolo.obj
         Debug\Vibrato.obj
         Debug\ViewObj.obj
         Debug\Wave.obj
         Origin_20130131.vcxproj -> C:\Users\Tanaka\Documents\Visual Studio 2010\Projects\Origin\Debug\Origin_20130131.exe
       FinalizeBuildStatus:
         ファイル "Debug\Origin_20130131.unsuccessfulbuild" を削除しています。
         "Debug\Origin_20130131.lastbuildstate" のタッチ タスクを実行しています。
     1>プロジェクト "C:\Users\Tanaka\Documents\Visual Studio 2010\Projects\Origin\Origin_20130131\Origin_20130131.vcxproj" (build ターゲット) のビルドが完了しました。

ビルドに成功しました。

経過時間 00:00:41.08
