2013/02/12 18:11:38 にビルドを開始しました。
     1>ノード 2 上のプロジェクト "C:\Users\Tanaka\Documents\Visual Studio 2010\Projects\Origin\Origin_20130131\Origin_20130131.vcxproj" (build ターゲット)。
     1>InitializeBuildStatus:
         "AlwaysCreate" が指定されたため "Release\Origin_20130131.unsuccessfulbuild" を作成しています。
       ClCompile:
         c:\Program Files\Microsoft Visual Studio 10.0\VC\bin\CL.exe /c /Zi /nologo /W3 /WX- /O2 /Oi /Oy- /GL /D WIN32 /D NDEBUG /D _WINDOWS /D _UNICODE /D UNICODE /Gm- /EHsc /MD /GS /Gy /fp:precise /Zc:wchar_t /Zc:forScope /Fo"Release\\" /Fd"Release\vc100.pdb" /Gd /TP /analyze- /errorReport:prompt Book1.cpp
         Book1.cpp
       Link:
         c:\Program Files\Microsoft Visual Studio 10.0\VC\bin\link.exe /ERRORREPORT:PROMPT /OUT:"C:\Users\Tanaka\Documents\Visual Studio 2010\Projects\Origin\Release\Origin_20130131.exe" /INCREMENTAL:NO /NOLOGO kernel32.lib user32.lib gdi32.lib winspool.lib comdlg32.lib advapi32.lib shell32.lib ole32.lib oleaut32.lib uuid.lib odbc32.lib odbccp32.lib /MANIFEST /ManifestFile:"Release\Origin_20130131.exe.intermediate.manifest" /MANIFESTUAC:"level='asInvoker' uiAccess='false'" /DEBUG /PDB:"C:\Users\Tanaka\Documents\Visual Studio 2010\Projects\Origin\Release\Origin_20130131.pdb" /SUBSYSTEM:WINDOWS /OPT:REF /OPT:ICF /LTCG /TLBID:1 /DYNAMICBASE /NXCOMPAT /IMPLIB:"C:\Users\Tanaka\Documents\Visual Studio 2010\Projects\Origin\Release\Origin_20130131.lib" /MACHINE:X86 Release\AnimeData.obj
         Release\AutoPan.obj
         Release\AutoPanButton.obj
         Release\BandEliminateFilter.obj
         Release\BandPassFilter.obj
         Release\BitmapBase.obj
         Release\Book1.obj
         Release\Book2.obj
         Release\Book3.obj
         Release\Book4.obj
         Release\Book5.obj
         Release\Book6.obj
         Release\Book7.obj
         Release\BookCover.obj
         Release\Chorus.obj
         Release\Compressor.obj
         Release\DCBitmap.obj
         Release\Debug1.obj
         Release\Debug2.obj
         Release\DebugLoading.obj
         Release\Delay.obj
         Release\Dial.obj
         Release\Distortion1.obj
         Release\Distortion2.obj
         Release\Distortion3.obj
         Release\EffectBase.obj
         Release\Equalizer.obj
         Release\FaderH.obj
         Release\FaderV.obj
         Release\HandManager.obj
         Release\HighPassFilter.obj
         Release\ImageFactory.obj
         Release\KeyButton.obj
         Release\LayerData.obj
         Release\Lever.obj
         Release\LowPassFilter.obj
         Release\main.obj
         Release\MainParent.obj
         Release\NoiseGate.obj
         Release\Note.obj
         Release\NoteManager.obj
         Release\PartsBase.obj
         Release\PixelBitmap.obj
         Release\PlayButton.obj
         Release\Room1.obj
         Release\Room2.obj
         Release\Room3.obj
         Release\Room4.obj
         Release\RoomParent.obj
         Release\SceneManager.obj
         Release\Sign.obj
         Release\SoundManager.obj
         Release\Synthesizer.obj
         Release\TimeLamp.obj
         Release\ToneFactory.obj
         Release\Track.obj
         Release\TrackButton.obj
         Release\TrashCan.obj
         Release\Tremolo.obj
         Release\Vibrato.obj
         Release\ViewObj.obj
         Release\Wave.obj
         コード生成しています。
         コード生成が終了しました。
         Origin_20130131.vcxproj -> C:\Users\Tanaka\Documents\Visual Studio 2010\Projects\Origin\Release\Origin_20130131.exe
       Manifest:
         C:\Program Files\Microsoft SDKs\Windows\v7.0A\bin\mt.exe /nologo /verbose /outputresource:"C:\Users\Tanaka\Documents\Visual Studio 2010\Projects\Origin\Release\Origin_20130131.exe;#1" /manifest Release\Origin_20130131.exe.intermediate.manifest
       FinalizeBuildStatus:
         ファイル "Release\Origin_20130131.unsuccessfulbuild" を削除しています。
         "Release\Origin_20130131.lastbuildstate" のタッチ タスクを実行しています。
     1>プロジェクト "C:\Users\Tanaka\Documents\Visual Studio 2010\Projects\Origin\Origin_20130131\Origin_20130131.vcxproj" (build ターゲット) のビルドが完了しました。

ビルドに成功しました。

経過時間 00:00:03.88
