2018/06/13 17:03:26 にビルドを開始しました。
     1>ノード 2 上のプロジェクト "E:\VisualStudio\Origin\Origin\Origin.vcxproj" (build ターゲット)。
     1>InitializeBuildStatus:
         "AlwaysCreate" が指定されたため "Release\Origin.unsuccessfulbuild" を作成しています。
       ClCompile:
         C:\Program Files (x86)\Microsoft Visual Studio 10.0\VC\bin\CL.exe /c /Zi /nologo /W3 /WX- /O2 /Oi /Oy- /GL /D WIN32 /D NDEBUG /D _WINDOWS /D _MBCS /Gm- /EHsc /MD /GS /Gy /fp:precise /Zc:wchar_t /Zc:forScope /Fo"Release\\" /Fd"Release\vc100.pdb" /Gd /TP /analyze- /errorReport:prompt AnimeData.cpp AutoPan.cpp AutoPanButton.cpp BandEliminateFilter.cpp BandPassFilter.cpp BitmapBase.cpp Book1.cpp Book2.cpp Book3.cpp Book4.cpp Book5.cpp Book6.cpp Book7.cpp BookCover.cpp Chorus.cpp Compressor.cpp DCBitmap.cpp Debug1.cpp Debug2.cpp DebugLoading.cpp Delay.cpp Dial.cpp Distortion1.cpp Distortion2.cpp Distortion3.cpp EffectBase.cpp Equalizer.cpp FaderH.cpp FaderV.cpp HandManager.cpp HighPassFilter.cpp ImageFactory.cpp KeyButton.cpp LayerData.cpp Lever.cpp LowPassFilter.cpp main.cpp MainParent.cpp NoiseGate.cpp Note.cpp NoteManager.cpp PartsBase.cpp PixelBitmap.cpp PlayButton.cpp Room1.cpp Room2.cpp Room3.cpp Room4.cpp RoomParent.cpp SceneManager.cpp Sign.cpp SoundManager.cpp Synthesizer.cpp TimeLamp.cpp ToneFactory.cpp Track.cpp TrackButton.cpp TrashCan.cpp Tremolo.cpp Vibrato.cpp ViewObj.cpp Wave.cpp
         AnimeData.cpp
         AutoPan.cpp
         AutoPanButton.cpp
         BandEliminateFilter.cpp
         BandPassFilter.cpp
         BitmapBase.cpp
         Book1.cpp
         Book2.cpp
         Book3.cpp
         Book4.cpp
         Book5.cpp
         Book6.cpp
         Book7.cpp
         BookCover.cpp
         Chorus.cpp
         Compressor.cpp
         DCBitmap.cpp
         Debug1.cpp
         Debug2.cpp
         DebugLoading.cpp
         コンパイル中...
         Delay.cpp
         Dial.cpp
         Distortion1.cpp
         Distortion2.cpp
         Distortion3.cpp
         EffectBase.cpp
         Equalizer.cpp
         FaderH.cpp
         FaderV.cpp
         HandManager.cpp
         HighPassFilter.cpp
         ImageFactory.cpp
         KeyButton.cpp
         LayerData.cpp
         Lever.cpp
         LowPassFilter.cpp
         main.cpp
         MainParent.cpp
         NoiseGate.cpp
         Note.cpp
         コンパイル中...
         NoteManager.cpp
         PartsBase.cpp
         PixelBitmap.cpp
         PlayButton.cpp
         Room1.cpp
         Room2.cpp
         Room3.cpp
         Room4.cpp
         RoomParent.cpp
         SceneManager.cpp
         Sign.cpp
         SoundManager.cpp
         Synthesizer.cpp
         TimeLamp.cpp
         ToneFactory.cpp
         Track.cpp
         TrackButton.cpp
         TrashCan.cpp
         Tremolo.cpp
         Vibrato.cpp
         コンパイル中...
         ViewObj.cpp
         Wave.cpp
       ResourceCompile:
         C:\Program Files (x86)\Microsoft SDKs\Windows\v7.0A\bin\rc.exe /l"0x0409" /nologo /fo"Release\Origin.res" Origin.rc 
       Link:
         C:\Program Files (x86)\Microsoft Visual Studio 10.0\VC\bin\link.exe /ERRORREPORT:PROMPT /OUT:"E:\VisualStudio\Origin\Release\Origin.exe" /INCREMENTAL:NO /NOLOGO kernel32.lib user32.lib gdi32.lib winspool.lib comdlg32.lib advapi32.lib shell32.lib ole32.lib oleaut32.lib uuid.lib odbc32.lib odbccp32.lib /MANIFEST /ManifestFile:"Release\Origin.exe.intermediate.manifest" /MANIFESTUAC:"level='asInvoker' uiAccess='false'" /DEBUG /PDB:"E:\VisualStudio\Origin\Release\Origin.pdb" /SUBSYSTEM:WINDOWS /OPT:REF /OPT:ICF /LTCG /TLBID:1 /DYNAMICBASE /NXCOMPAT /IMPLIB:"E:\VisualStudio\Origin\Release\Origin.lib" /MACHINE:X86 Release\Origin.res
         Release\AnimeData.obj
         Release\AutoPan.obj
         Release\AutoPanButton.obj
         Release\BandEliminateFilter.obj
         Release\BandPassFilter.obj
         Release\BitmapBase.obj
         Release\Book1.obj
         Release\Book2.obj
         Release\Book3.obj
         Release\Book4.obj
         Release\Book5.obj
         Release\Book6.obj
         Release\Book7.obj
         Release\BookCover.obj
         Release\Chorus.obj
         Release\Compressor.obj
         Release\DCBitmap.obj
         Release\Debug1.obj
         Release\Debug2.obj
         Release\DebugLoading.obj
         Release\Delay.obj
         Release\Dial.obj
         Release\Distortion1.obj
         Release\Distortion2.obj
         Release\Distortion3.obj
         Release\EffectBase.obj
         Release\Equalizer.obj
         Release\FaderH.obj
         Release\FaderV.obj
         Release\HandManager.obj
         Release\HighPassFilter.obj
         Release\ImageFactory.obj
         Release\KeyButton.obj
         Release\LayerData.obj
         Release\Lever.obj
         Release\LowPassFilter.obj
         Release\main.obj
         Release\MainParent.obj
         Release\NoiseGate.obj
         Release\Note.obj
         Release\NoteManager.obj
         Release\PartsBase.obj
         Release\PixelBitmap.obj
         Release\PlayButton.obj
         Release\Room1.obj
         Release\Room2.obj
         Release\Room3.obj
         Release\Room4.obj
         Release\RoomParent.obj
         Release\SceneManager.obj
         Release\Sign.obj
         Release\SoundManager.obj
         Release\Synthesizer.obj
         Release\TimeLamp.obj
         Release\ToneFactory.obj
         Release\Track.obj
         Release\TrackButton.obj
         Release\TrashCan.obj
         Release\Tremolo.obj
         Release\Vibrato.obj
         Release\ViewObj.obj
         Release\Wave.obj
         コード生成しています。
         コード生成が終了しました。
         Origin.vcxproj -> E:\VisualStudio\Origin\Release\Origin.exe
       Manifest:
         C:\Program Files (x86)\Microsoft SDKs\Windows\v7.0A\bin\mt.exe /nologo /verbose /outputresource:"E:\VisualStudio\Origin\Release\Origin.exe;#1" /manifest Release\Origin.exe.intermediate.manifest
       FinalizeBuildStatus:
         ファイル "Release\Origin.unsuccessfulbuild" を削除しています。
         "Release\Origin.lastbuildstate" のタッチ タスクを実行しています。
     1>プロジェクト "E:\VisualStudio\Origin\Origin\Origin.vcxproj" (build ターゲット) のビルドが完了しました。

ビルドに成功しました。

経過時間 00:00:13.93
