C:\USERS\TANAKA\DOCUMENTS\VISUAL STUDIO 2010\PROJECTS\MONOCODEC\BMPTODAT_20121112\DEBUG\BMPTODAT_20121112.EXE.EMBED.MANIFEST
C:\USERS\TANAKA\DOCUMENTS\VISUAL STUDIO 2010\PROJECTS\MONOCODEC\BMPTODAT_20121112\DEBUG\BMPTODAT_20121112.EXE.EMBED.MANIFEST.RES
C:\USERS\TANAKA\DOCUMENTS\VISUAL STUDIO 2010\PROJECTS\MONOCODEC\BMPTODAT_20121112\DEBUG\BMPTODAT_20121112.EXE.INTERMEDIATE.MANIFEST
C:\Users\Tanaka\Documents\Visual Studio 2010\Projects\MonoCodec\BmpToDat_20121112\Debug\BmpToDat_20121112_manifest.rc
C:\Users\Tanaka\Documents\Visual Studio 2010\Projects\MonoCodec\BmpToDat_20121112\Debug\cl.command.1.tlog
C:\Users\Tanaka\Documents\Visual Studio 2010\Projects\MonoCodec\BmpToDat_20121112\Debug\CL.read.1.tlog
C:\Users\Tanaka\Documents\Visual Studio 2010\Projects\MonoCodec\BmpToDat_20121112\Debug\CL.write.1.tlog
C:\USERS\TANAKA\DOCUMENTS\VISUAL STUDIO 2010\PROJECTS\MONOCODEC\BMPTODAT_20121112\DEBUG\DATABASE.OBJ
C:\USERS\TANAKA\DOCUMENTS\VISUAL STUDIO 2010\PROJECTS\MONOCODEC\BMPTODAT_20121112\DEBUG\FILEMANAGER.OBJ
C:\Users\Tanaka\Documents\Visual Studio 2010\Projects\MonoCodec\BmpToDat_20121112\Debug\link.command.1.tlog
C:\Users\Tanaka\Documents\Visual Studio 2010\Projects\MonoCodec\BmpToDat_20121112\Debug\link.read.1.tlog
C:\Users\Tanaka\Documents\Visual Studio 2010\Projects\MonoCodec\BmpToDat_20121112\Debug\link.write.1.tlog
C:\Users\Tanaka\Documents\Visual Studio 2010\Projects\MonoCodec\BmpToDat_20121112\Debug\link-cvtres.read.1.tlog
C:\Users\Tanaka\Documents\Visual Studio 2010\Projects\MonoCodec\BmpToDat_20121112\Debug\link-cvtres.write.1.tlog
C:\USERS\TANAKA\DOCUMENTS\VISUAL STUDIO 2010\PROJECTS\MONOCODEC\BMPTODAT_20121112\DEBUG\MAIN.OBJ
C:\USERS\TANAKA\DOCUMENTS\VISUAL STUDIO 2010\PROJECTS\MONOCODEC\BMPTODAT_20121112\DEBUG\MONODATA.OBJ
C:\Users\Tanaka\Documents\Visual Studio 2010\Projects\MonoCodec\BmpToDat_20121112\Debug\mt.command.1.tlog
C:\Users\Tanaka\Documents\Visual Studio 2010\Projects\MonoCodec\BmpToDat_20121112\Debug\mt.read.1.tlog
C:\Users\Tanaka\Documents\Visual Studio 2010\Projects\MonoCodec\BmpToDat_20121112\Debug\mt.write.1.tlog
C:\USERS\TANAKA\DOCUMENTS\VISUAL STUDIO 2010\PROJECTS\MONOCODEC\BMPTODAT_20121112\DEBUG\NUMDATA.OBJ
C:\Users\Tanaka\Documents\Visual Studio 2010\Projects\MonoCodec\BmpToDat_20121112\Debug\rc.command.1.tlog
C:\Users\Tanaka\Documents\Visual Studio 2010\Projects\MonoCodec\BmpToDat_20121112\Debug\rc.read.1.tlog
C:\Users\Tanaka\Documents\Visual Studio 2010\Projects\MonoCodec\BmpToDat_20121112\Debug\rc.write.1.tlog
C:\Users\Tanaka\Documents\Visual Studio 2010\Projects\MonoCodec\BmpToDat_20121112\Debug\vc100.idb
C:\USERS\TANAKA\DOCUMENTS\VISUAL STUDIO 2010\PROJECTS\MONOCODEC\BMPTODAT_20121112\DEBUG\VC100.PDB
C:\USERS\TANAKA\DOCUMENTS\VISUAL STUDIO 2010\PROJECTS\MONOCODEC\DEBUG\BMPTODAT_20121112.EXE
C:\USERS\TANAKA\DOCUMENTS\VISUAL STUDIO 2010\PROJECTS\MONOCODEC\DEBUG\BMPTODAT_20121112.ILK
C:\USERS\TANAKA\DOCUMENTS\VISUAL STUDIO 2010\PROJECTS\MONOCODEC\DEBUG\BMPTODAT_20121112.PDB
