2013/02/04 18:38:09 にビルドを開始しました。
     1>ノード 2 上のプロジェクト "C:\Users\Tanaka\Documents\Visual Studio 2010\Projects\MonoCodec\BmpToDat_20121112\BmpToDat_20121112.vcxproj" (build ターゲット)。
     1>InitializeBuildStatus:
         "AlwaysCreate" が指定されたため "Debug\BmpToDat_20121112.unsuccessfulbuild" を作成しています。
       ClCompile:
         c:\Program Files\Microsoft Visual Studio 10.0\VC\bin\CL.exe /c /ZI /nologo /W3 /WX- /Od /Oy- /D WIN32 /D _DEBUG /D _CONSOLE /D _UNICODE /D UNICODE /Gm /EHsc /RTC1 /MDd /GS /fp:precise /Zc:wchar_t /Zc:forScope /Fo"Debug\\" /Fd"Debug\vc100.pdb" /Gd /TP /analyze- /errorReport:prompt main.cpp
         main.cpp
       ManifestResourceCompile:
         すべての出力が最新のものです。
       Link:
         c:\Program Files\Microsoft Visual Studio 10.0\VC\bin\link.exe /ERRORREPORT:PROMPT /OUT:"C:\Users\Tanaka\Documents\Visual Studio 2010\Projects\MonoCodec\Debug\BmpToDat_20121112.exe" /INCREMENTAL /NOLOGO kernel32.lib user32.lib gdi32.lib winspool.lib comdlg32.lib advapi32.lib shell32.lib ole32.lib oleaut32.lib uuid.lib odbc32.lib odbccp32.lib /MANIFEST /ManifestFile:"Debug\BmpToDat_20121112.exe.intermediate.manifest" /MANIFESTUAC:"level='asInvoker' uiAccess='false'" /DEBUG /PDB:"C:\Users\Tanaka\Documents\Visual Studio 2010\Projects\MonoCodec\Debug\BmpToDat_20121112.pdb" /SUBSYSTEM:CONSOLE /TLBID:1 /DYNAMICBASE /NXCOMPAT /IMPLIB:"C:\Users\Tanaka\Documents\Visual Studio 2010\Projects\MonoCodec\Debug\BmpToDat_20121112.lib" /MACHINE:X86 Debug\BmpToDat_20121112.exe.embed.manifest.res
         Debug\DataBase.obj
         Debug\FileManager.obj
         Debug\main.obj
         Debug\MonoData.obj
         Debug\NumData.obj
       Manifest:
         C:\Program Files\Microsoft SDKs\Windows\v7.0A\bin\mt.exe /nologo /verbose /out:"Debug\BmpToDat_20121112.exe.embed.manifest" /manifest Debug\BmpToDat_20121112.exe.intermediate.manifest
         すべての出力が最新のものです。
       LinkEmbedManifest:
         すべての出力が最新のものです。
         BmpToDat_20121112.vcxproj -> C:\Users\Tanaka\Documents\Visual Studio 2010\Projects\MonoCodec\Debug\BmpToDat_20121112.exe
       FinalizeBuildStatus:
         ファイル "Debug\BmpToDat_20121112.unsuccessfulbuild" を削除しています。
         "Debug\BmpToDat_20121112.lastbuildstate" のタッチ タスクを実行しています。
     1>プロジェクト "C:\Users\Tanaka\Documents\Visual Studio 2010\Projects\MonoCodec\BmpToDat_20121112\BmpToDat_20121112.vcxproj" (build ターゲット) のビルドが完了しました。

ビルドに成功しました。

経過時間 00:00:01.66
